<?xml version="1.0" encoding="UTF-8"?>
<!-- Generated by org.testng.reporters.JUnitXMLReporter -->
<testsuite ignored="4" hostname="Swapnil" failures="0" tests="1" name="Default test" time="0.033" errors="0" timestamp="2022-03-13T19:44:57 EDT">
  <testcase classname="javaStreams.Test1" name="streamCollect" time="0.006"/>
  <testcase classname="javaStreams.Test1" name="streamMap" time="0.0">
    <ignored/>
  </testcase> <!-- streamMap -->
  <testcase classname="javaStreams.Test1" name="streamFilter" time="0.0">
    <ignored/>
  </testcase> <!-- streamFilter -->
  <testcase classname="javaStreams.Test1" name="regular" time="0.0">
    <ignored/>
  </testcase> <!-- regular -->
  <testcase classname="javaStreams.Test1" name="streamMerge" time="0.0">
    <ignored/>
  </testcase> <!-- streamMerge -->
</testsuite> <!-- Default test -->
