<?xml version="1.0" encoding="UTF-8"?>
<testng-results ignored="4" total="5" passed="1" failed="0" skipped="0">
  <reporter-output>
  </reporter-output>
  <suite started-at="2022-03-13T19:44:57 EDT" name="Default suite" finished-at="2022-03-13T19:44:57 EDT" duration-ms="33">
    <groups>
    </groups>
    <test started-at="2022-03-13T19:44:57 EDT" name="Default test" finished-at="2022-03-13T19:44:57 EDT" duration-ms="33">
      <class name="javaStreams.Test1">
        <test-method signature="streamCollect()[pri:0, instance:javaStreams.Test1@33d512c1]" started-at="2022-03-13T19:44:57 EDT" name="streamCollect" finished-at="2022-03-13T19:44:57 EDT" duration-ms="6" status="PASS">
          <reporter-output>
          </reporter-output>
        </test-method> <!-- streamCollect -->
      </class> <!-- javaStreams.Test1 -->
    </test> <!-- Default test -->
  </suite> <!-- Default suite -->
</testng-results>
