<?xml version="1.0" encoding="UTF-8"?>
<testng-results ignored="0" total="1" passed="1" failed="0" skipped="0">
  <reporter-output>
  </reporter-output>
  <suite started-at="2022-08-18T22:03:04 EDT" name="Default suite" finished-at="2022-08-18T22:03:04 EDT" duration-ms="39">
    <groups>
    </groups>
    <test started-at="2022-08-18T22:03:04 EDT" name="Default test" finished-at="2022-08-18T22:03:04 EDT" duration-ms="39">
      <class name="testNg.day1">
        <test-method signature="Demo()[pri:0, instance:testNg.day1@292b08d6]" started-at="2022-08-18T22:03:04 EDT" name="Demo" finished-at="2022-08-18T22:03:04 EDT" duration-ms="6" status="PASS">
          <reporter-output>
          </reporter-output>
        </test-method> <!-- Demo -->
      </class> <!-- testNg.day1 -->
    </test> <!-- Default test -->
  </suite> <!-- Default suite -->
</testng-results>
